<?xml version="1.0" encoding="UTF-8"?>
<!-- Generated by org.testng.reporters.JUnitReportReporter -->
<testsuite skipped="0" hostname="Srabani-A" name="com.sinch.ipx.utilities.consoleLog" tests="1" failures="0" timestamp="2021-04-29T14:57:34 IST" time="102.220" errors="0">
  <testcase name="consoleMessageTest" time="102.220" classname="com.sinch.ipx.utilities.consoleLog"/>
  <system-out/>
</testsuite> <!-- com.sinch.ipx.utilities.consoleLog -->
