<?xml version="1.0" encoding="UTF-8"?>
<!-- Generated by org.testng.reporters.JUnitReportReporter -->
<testsuite skipped="0" hostname="Srabani-A" name="com.sinch.ipx.testcases.BrokenImagesTestCases" tests="1" failures="0" timestamp="2021-04-15T17:05:12 IST" time="96.074" errors="0">
  <testcase name="findBrokenImages" time="96.074" classname="com.sinch.ipx.testcases.BrokenImagesTestCases"/>
  <system-out/>
</testsuite> <!-- com.sinch.ipx.testcases.BrokenImagesTestCases -->
