<?xml version="1.0" encoding="UTF-8"?>
<!-- Generated by org.testng.reporters.JUnitReportReporter -->
<testsuite skipped="0" hostname="Srabani-A" name="com.sinch.ipx.testcases.LoginTest" tests="1" failures="0" timestamp="2021-03-19T10:35:47 IST" time="40.099" errors="0">
  <testcase name="loginTest" time="40.099" classname="com.sinch.ipx.testcases.LoginTest"/>
  <system-out/>
</testsuite> <!-- com.sinch.ipx.testcases.LoginTest -->
